TN:
SF:src/security.ts
FN:24,secureClear
FN:47,secureClearBuffer
FN:74,safeDisplayContent
FN:90,safeDisplayFormatted
FN:108,escapeHtml
FN:139,getSafeErrorMessage
FN:184,deriveKeyFromPassword
FN:222,generateSalt
FN:235,encryptWithPassword
FN:272,decryptWithPassword
FNF:10
FNH:7
FNDA:2,secureClear
FNDA:2,secureClearBuffer
FNDA:0,safeDisplayContent
FNDA:0,safeDisplayFormatted
FNDA:0,escapeHtml
FNDA:3,getSafeErrorMessage
FNDA:42,deriveKeyFromPassword
FNDA:29,generateSalt
FNDA:21,encryptWithPassword
FNDA:14,decryptWithPassword
DA:24,3
DA:25,2
DA:27,2
DA:28,2
DA:29,2
DA:30,9
DA:33,2
DA:34,0
DA:47,3
DA:48,2
DA:49,1
DA:51,1
DA:52,8
DA:59,3
DA:60,3
DA:74,3
DA:76,0
DA:79,0
DA:80,0
DA:90,3
DA:92,0
DA:95,0
DA:98,0
DA:99,0
DA:109,0
DA:110,0
DA:111,0
DA:121,3
DA:139,3
DA:141,3
DA:142,3
DA:146,3
DA:147,1
DA:149,1
DA:150,0
DA:153,1
DA:154,0
DA:157,1
DA:158,0
DA:161,1
DA:162,0
DA:165,1
DA:166,0
DA:170,3
DA:184,3
DA:185,42
DA:188,42
DA:197,42
DA:200,42
DA:222,3
DA:223,29
DA:224,29
DA:225,29
DA:235,3
DA:240,21
DA:241,21
DA:242,21
DA:243,21
DA:245,21
DA:256,21
DA:272,3
DA:278,14
DA:281,14
DA:283,14
DA:292,10
DA:302,3
DA:318,3
LF:67
LH:51
BRDA:25,0,0,2
BRDA:33,1,0,0
BRDA:33,2,0,2
BRDA:33,2,1,2
BRDA:48,3,0,1
BRDA:48,4,0,2
BRDA:48,4,1,2
BRDA:59,5,0,3
BRDA:139,6,0,0
BRDA:141,7,0,3
BRDA:141,8,0,3
BRDA:141,8,1,3
BRDA:146,9,0,1
BRDA:149,10,0,0
BRDA:149,11,0,1
BRDA:149,11,1,1
BRDA:153,12,0,0
BRDA:153,13,0,1
BRDA:153,13,1,1
BRDA:157,14,0,0
BRDA:157,15,0,1
BRDA:157,15,1,1
BRDA:161,16,0,0
BRDA:165,17,0,0
BRDA:197,18,0,28
BRDA:197,18,1,14
BRDA:281,19,0,0
BRDA:281,19,1,14
BRF:28
BRH:20
end_of_record
TN:
SF:src/core/validators/index.ts
FN:55,validateContentSize
FN:81,validateExpiration
FN:104,validateViewCount
FN:127,validatePassword
FN:147,(anonymous_4)
FN:163,isValidUTF8
FNF:6
FNH:6
FNDA:11,validateContentSize
FNDA:14,validateExpiration
FNDA:10,validateViewCount
FNDA:21,validatePassword
FNDA:84,(anonymous_4)
FNDA:15,isValidUTF8
DA:17,4
DA:22,4
DA:27,4
DA:32,4
DA:37,4
DA:42,4
DA:47,4
DA:55,4
DA:56,11
DA:59,11
DA:60,2
DA:64,11
DA:65,11
DA:66,3
DA:69,11
DA:81,4
DA:82,14
DA:84,14
DA:85,5
DA:88,14
DA:89,3
DA:92,14
DA:104,4
DA:105,10
DA:107,10
DA:108,4
DA:111,10
DA:112,2
DA:115,10
DA:127,4
DA:128,21
DA:130,21
DA:131,9
DA:134,21
DA:135,2
DA:139,21
DA:147,84
DA:148,10
DA:151,21
DA:163,4
DA:164,15
DA:166,15
DA:167,15
DA:168,15
DA:170,0
LF:45
LH:44
BRDA:59,0,0,2
BRDA:59,1,0,11
BRDA:59,1,1,9
BRDA:65,2,0,3
BRDA:84,3,0,5
BRDA:84,4,0,14
BRDA:84,4,1,12
BRDA:88,5,0,3
BRDA:107,6,0,4
BRDA:107,7,0,10
BRDA:107,7,1,9
BRDA:111,8,0,2
BRDA:130,9,0,9
BRDA:130,10,0,21
BRDA:130,10,1,20
BRDA:134,11,0,2
BRDA:147,12,0,10
BRF:17
BRH:17
end_of_record
