TN:
SF:src/security.ts
FN:43,validateContentSize
FN:69,validateExpiration
FN:92,validateViewCount
FN:115,isValidUTF8
FN:136,secureClear
FN:159,secureClearBuffer
FN:186,safeDisplayContent
FN:202,safeDisplayFormatted
FN:220,escapeHtml
FN:251,getSafeErrorMessage
FN:296,deriveKeyFromPassword
FN:334,generateSalt
FN:347,encryptWithPassword
FN:384,decryptWithPassword
FN:413,validatePassword
FN:433,(anonymous_15)
FNF:16
FNH:13
FNDA:4,validateContentSize
FNDA:6,validateExpiration
FNDA:3,validateViewCount
FNDA:4,isValidUTF8
FNDA:2,secureClear
FNDA:2,secureClearBuffer
FNDA:0,safeDisplayContent
FNDA:0,safeDisplayFormatted
FNDA:0,escapeHtml
FNDA:3,getSafeErrorMessage
FNDA:42,deriveKeyFromPassword
FNDA:29,generateSalt
FNDA:21,encryptWithPassword
FNDA:14,decryptWithPassword
FNDA:4,validatePassword
FNDA:20,(anonymous_15)
DA:25,4
DA:30,4
DA:35,4
DA:43,4
DA:44,4
DA:47,4
DA:48,1
DA:52,4
DA:53,4
DA:54,1
DA:57,4
DA:69,4
DA:70,6
DA:72,6
DA:73,2
DA:76,6
DA:77,1
DA:80,6
DA:92,4
DA:93,3
DA:95,3
DA:96,1
DA:99,3
DA:100,1
DA:103,3
DA:115,4
DA:116,4
DA:118,4
DA:119,4
DA:120,4
DA:122,0
DA:136,4
DA:137,2
DA:139,2
DA:140,2
DA:141,2
DA:142,9
DA:145,2
DA:146,0
DA:159,4
DA:160,2
DA:161,1
DA:163,1
DA:164,8
DA:171,4
DA:172,4
DA:186,4
DA:188,0
DA:191,0
DA:192,0
DA:202,4
DA:204,0
DA:207,0
DA:210,0
DA:211,0
DA:221,0
DA:222,0
DA:223,0
DA:233,4
DA:251,4
DA:253,3
DA:254,3
DA:258,3
DA:259,1
DA:261,1
DA:262,0
DA:265,1
DA:266,0
DA:269,1
DA:270,0
DA:273,1
DA:274,0
DA:277,1
DA:278,0
DA:282,3
DA:296,4
DA:297,42
DA:300,42
DA:309,42
DA:312,42
DA:334,4
DA:335,29
DA:336,29
DA:337,29
DA:347,4
DA:352,21
DA:353,21
DA:354,21
DA:355,21
DA:357,21
DA:368,21
DA:384,4
DA:390,14
DA:393,14
DA:395,14
DA:404,10
DA:413,4
DA:414,4
DA:416,4
DA:417,1
DA:420,4
DA:421,1
DA:425,4
DA:433,20
DA:434,0
DA:437,4
DA:450,4
DA:466,4
LF:108
LH:90
BRDA:47,0,0,1
BRDA:47,1,0,4
BRDA:47,1,1,3
BRDA:53,2,0,1
BRDA:72,3,0,2
BRDA:72,4,0,6
BRDA:72,4,1,5
BRDA:76,5,0,1
BRDA:95,6,0,1
BRDA:95,7,0,3
BRDA:95,7,1,3
BRDA:99,8,0,1
BRDA:137,9,0,2
BRDA:145,10,0,0
BRDA:145,11,0,2
BRDA:145,11,1,2
BRDA:160,12,0,1
BRDA:160,13,0,2
BRDA:160,13,1,2
BRDA:171,14,0,4
BRDA:251,15,0,0
BRDA:253,16,0,3
BRDA:253,17,0,3
BRDA:253,17,1,3
BRDA:258,18,0,1
BRDA:261,19,0,0
BRDA:261,20,0,1
BRDA:261,20,1,1
BRDA:265,21,0,0
BRDA:265,22,0,1
BRDA:265,22,1,1
BRDA:269,23,0,0
BRDA:269,24,0,1
BRDA:269,24,1,1
BRDA:273,25,0,0
BRDA:277,26,0,0
BRDA:309,27,0,28
BRDA:309,27,1,14
BRDA:393,28,0,0
BRDA:393,28,1,14
BRDA:416,29,0,1
BRDA:416,30,0,4
BRDA:416,30,1,4
BRDA:420,31,0,1
BRDA:433,32,0,0
BRF:45
BRH:36
end_of_record
